<?xml version="1.0" encoding="UTF-8"?>
<!-- Generated by org.testng.reporters.JUnitReportReporter -->
<testsuite skipped="0" hostname="Samuels-MacBook-Air.local" name="shape.shape.ShapeTest" tests="6" failures="0" timestamp="14 Jan 2019 01:15:51 GMT" time="0.260" errors="0">
  <testcase name="attemptToCreateShapeTooLarger" time="0.246" classname="shape.shape.ShapeTest"/>
  <testcase name="createLargestAllowedShape" time="0.007" classname="shape.shape.ShapeTest"/>
  <testcase name="attemptToCreateShapeTooSmall" time="0.003" classname="shape.shape.ShapeTest"/>
  <testcase name="createSmallestAllowedShape" time="0.001" classname="shape.shape.ShapeTest"/>
  <testcase name="createDefaultShape" time="0.000" classname="shape.shape.ShapeTest"/>
  <testcase name="createCustomSizedShape" time="0.003" classname="shape.shape.ShapeTest"/>
</testsuite> <!-- shape.shape.ShapeTest -->
